C:\USERS\MATT\DOCUMENTS\VISUAL STUDIO 2010\PROJECTS\1-COL\1-COL\DEBUG\1-COL.EXE.INTERMEDIATE.MANIFEST
C:\Users\Matt\Documents\Visual Studio 2010\Projects\1-col\1-col\Debug\1-col.vcxprojResolveAssemblyReference.cache
C:\Users\Matt\Documents\Visual Studio 2010\Projects\1-col\1-col\Debug\1-col.write.1.tlog
C:\USERS\MATT\DOCUMENTS\VISUAL STUDIO 2010\PROJECTS\1-COL\1-COL\DEBUG\BOARD.OBJ
C:\Users\Matt\Documents\Visual Studio 2010\Projects\1-col\1-col\Debug\cl.command.1.tlog
C:\Users\Matt\Documents\Visual Studio 2010\Projects\1-col\1-col\Debug\CL.read.1.tlog
C:\Users\Matt\Documents\Visual Studio 2010\Projects\1-col\1-col\Debug\CL.write.1.tlog
C:\USERS\MATT\DOCUMENTS\VISUAL STUDIO 2010\PROJECTS\1-COL\1-COL\DEBUG\GAMECONTROLLER.OBJ
C:\Users\Matt\Documents\Visual Studio 2010\Projects\1-col\1-col\Debug\link.command.1.tlog
C:\Users\Matt\Documents\Visual Studio 2010\Projects\1-col\1-col\Debug\link.read.1.tlog
C:\Users\Matt\Documents\Visual Studio 2010\Projects\1-col\1-col\Debug\link.write.1.tlog
C:\USERS\MATT\DOCUMENTS\VISUAL STUDIO 2010\PROJECTS\1-COL\1-COL\DEBUG\MAIN.OBJ
C:\Users\Matt\Documents\Visual Studio 2010\Projects\1-col\1-col\Debug\mt.command.1.tlog
C:\Users\Matt\Documents\Visual Studio 2010\Projects\1-col\1-col\Debug\mt.read.1.tlog
C:\Users\Matt\Documents\Visual Studio 2010\Projects\1-col\1-col\Debug\mt.write.1.tlog
C:\USERS\MATT\DOCUMENTS\VISUAL STUDIO 2010\PROJECTS\1-COL\1-COL\DEBUG\TILE.OBJ
C:\Users\Matt\Documents\Visual Studio 2010\Projects\1-col\1-col\Debug\vc100.idb
C:\USERS\MATT\DOCUMENTS\VISUAL STUDIO 2010\PROJECTS\1-COL\1-COL\DEBUG\VC100.PDB
C:\USERS\MATT\DOCUMENTS\VISUAL STUDIO 2010\PROJECTS\1-COL\1-COL\DEBUG\WINDOW.OBJ
C:\USERS\MATT\DOCUMENTS\VISUAL STUDIO 2010\PROJECTS\1-COL\DEBUG\1-COL.EXE
C:\USERS\MATT\DOCUMENTS\VISUAL STUDIO 2010\PROJECTS\1-COL\DEBUG\1-COL.ILK
C:\USERS\MATT\DOCUMENTS\VISUAL STUDIO 2010\PROJECTS\1-COL\DEBUG\1-COL.PDB
